{"numTotalTestSuites":2,"numPassedTestSuites":2,"numFailedTestSuites":0,"numPendingTestSuites":0,"numTotalTests":6,"numPassedTests":6,"numFailedTests":0,"numPendingTests":0,"numTodoTests":0,"snapshot":{"added":0,"failure":false,"filesAdded":0,"filesRemoved":0,"filesRemovedList":[],"filesUnmatched":0,"filesUpdated":0,"matched":0,"total":0,"unchecked":0,"uncheckedKeysByFile":[],"unmatched":0,"updated":0,"didUpdate":false},"startTime":1765186923114,"success":true,"testResults":[{"assertionResults":[{"ancestorTitles":["🧪 ONCE Test Isolation Setup"],"fullName":"🧪 ONCE Test Isolation Setup should have Web4TSComponent in test/data","status":"passed","title":"should have Web4TSComponent in test/data","duration":1.641307000000097,"failureMessages":[],"meta":{}},{"ancestorTitles":["🧪 ONCE Test Isolation Setup"],"fullName":"🧪 ONCE Test Isolation Setup should have ONCE in test/data","status":"passed","title":"should have ONCE in test/data","duration":3.217775999999958,"failureMessages":[],"meta":{}},{"ancestorTitles":["🧪 ONCE Test Isolation Setup"],"fullName":"🧪 ONCE Test Isolation Setup should have web4tscomponent CLI symlink in scripts/","status":"passed","title":"should have web4tscomponent CLI symlink in scripts/","duration":0.48424599999998463,"failureMessages":[],"meta":{}},{"ancestorTitles":["🧪 ONCE Test Isolation Setup"],"fullName":"🧪 ONCE Test Isolation Setup should have once CLI symlink in scripts/","status":"passed","title":"should have once CLI symlink in scripts/","duration":0.2896940000000541,"failureMessages":[],"meta":{}},{"ancestorTitles":["🧪 ONCE Test Isolation Setup"],"fullName":"🧪 ONCE Test Isolation Setup should have component symlinks (latest, dev, test)","status":"passed","title":"should have component symlinks (latest, dev, test)","duration":0.3115619999998671,"failureMessages":[],"meta":{}},{"ancestorTitles":["🧪 ONCE Test Isolation Setup"],"fullName":"🧪 ONCE Test Isolation Setup should populate test/data when running baseline test","status":"passed","title":"should populate test/data when running baseline test","duration":0.4278470000001562,"failureMessages":[],"meta":{}}],"startTime":1765186925406,"endTime":1765186925412.4277,"status":"passed","message":"","name":"/Users/Shared/Workspaces/2cuGitHub/UpDown/components/ONCE/0.3.21.8/test/vitest/once-test-isolation-setup.test.ts"}]}