{"numTotalTestSuites":7,"numPassedTestSuites":4,"numFailedTestSuites":3,"numPendingTestSuites":0,"numTotalTests":7,"numPassedTests":6,"numFailedTests":1,"numPendingTests":0,"numTodoTests":0,"snapshot":{"added":0,"failure":false,"filesAdded":0,"filesRemoved":0,"filesRemovedList":[],"filesUnmatched":0,"filesUpdated":0,"matched":0,"total":0,"unchecked":0,"uncheckedKeysByFile":[],"unmatched":0,"updated":0,"didUpdate":false},"startTime":1763481931469,"success":false,"testResults":[{"assertionResults":[{"ancestorTitles":["Server Lifecycle Management","Housekeeping at Startup"],"fullName":"Server Lifecycle Management Housekeeping at Startup should delete shutdown server scenarios on primary startup","status":"passed","title":"should delete shutdown server scenarios on primary startup","duration":2356.089492,"failureMessages":[],"meta":{}},{"ancestorTitles":["Server Lifecycle Management","Housekeeping at Startup"],"fullName":"Server Lifecycle Management Housekeeping at Startup should discover and keep running client server scenarios","status":"passed","title":"should discover and keep running client server scenarios","duration":4571.133089,"failureMessages":[],"meta":{}},{"ancestorTitles":["Server Lifecycle Management","Graceful Shutdown"],"fullName":"Server Lifecycle Management Graceful Shutdown should update scenario state to STOPPING then SHUTDOWN","status":"passed","title":"should update scenario state to STOPPING then SHUTDOWN","duration":1015.0291479999996,"failureMessages":[],"meta":{}},{"ancestorTitles":["Server Lifecycle Management","Dynamic Server Addition"],"fullName":"Server Lifecycle Management Dynamic Server Addition should register new client server dynamically","status":"passed","title":"should register new client server dynamically","duration":3045.6852820000004,"failureMessages":[],"meta":{}},{"ancestorTitles":["Server Lifecycle Management","Dynamic Server Addition"],"fullName":"Server Lifecycle Management Dynamic Server Addition should handle client disconnect and cleanup","status":"passed","title":"should handle client disconnect and cleanup","duration":1528.3246560000007,"failureMessages":[],"meta":{}},{"ancestorTitles":["Server Lifecycle Management","Scenario Persistence"],"fullName":"Server Lifecycle Management Scenario Persistence should persist server state across restarts","status":"passed","title":"should persist server state across restarts","duration":3024.0836980000004,"failureMessages":[],"meta":{}},{"ancestorTitles":["Server Lifecycle Management","Primary Server Crash Recovery"],"fullName":"Server Lifecycle Management Primary Server Crash Recovery should restart primary and rediscover running clients after crash","status":"failed","title":"should restart primary and rediscover running clients after crash","duration":10261.419463,"failureMessages":["ReferenceError: findScenarios is not defined\n    at /Users/Shared/Workspaces/2cuGitHub/UpDown/components/ONCE/0.3.20.5/test/lifecycle-management.test.ts:603:21\n    at file:///Users/Shared/Workspaces/2cuGitHub/UpDown/node_modules/@vitest/runner/dist/chunk-hooks.js:752:20"],"meta":{}}],"startTime":1763481931963,"endTime":1763481957765.4194,"status":"failed","message":"","name":"/Users/Shared/Workspaces/2cuGitHub/UpDown/components/ONCE/0.3.20.5/test/lifecycle-management.test.ts"}]}