{"numTotalTestSuites":5,"numPassedTestSuites":2,"numFailedTestSuites":3,"numPendingTestSuites":0,"numTotalTests":9,"numPassedTests":5,"numFailedTests":1,"numPendingTests":0,"numTodoTests":0,"snapshot":{"added":0,"failure":false,"filesAdded":0,"filesRemoved":0,"filesRemovedList":[],"filesUnmatched":0,"filesUpdated":0,"matched":0,"total":0,"unchecked":0,"uncheckedKeysByFile":[],"unmatched":0,"updated":0,"didUpdate":false},"startTime":1763463251085,"success":false,"testResults":[{"assertionResults":[{"ancestorTitles":["Server Initialization - Domain and Hostname Detection","Constructor - Domain Detection"],"fullName":"Server Initialization - Domain and Hostname Detection Constructor - Domain Detection should detect actual hostname from os.hostname() not fallback to localhost","status":"passed","title":"should detect actual hostname from os.hostname() not fallback to localhost","duration":158.124344,"failureMessages":[],"meta":{}},{"ancestorTitles":["Server Initialization - Domain and Hostname Detection","Constructor - Domain Detection"],"fullName":"Server Initialization - Domain and Hostname Detection Constructor - Domain Detection should extract domain correctly from FQDN","status":"passed","title":"should extract domain correctly from FQDN","duration":1.941630000000032,"failureMessages":[],"meta":{}},{"ancestorTitles":["Server Initialization - Domain and Hostname Detection","Constructor - Domain Detection"],"fullName":"Server Initialization - Domain and Hostname Detection Constructor - Domain Detection should extract short hostname from FQDN","status":"passed","title":"should extract short hostname from FQDN","duration":1.0068129999999655,"failureMessages":[],"meta":{}},{"ancestorTitles":["Server Initialization - Domain and Hostname Detection","Constructor - Domain Detection"],"fullName":"Server Initialization - Domain and Hostname Detection Constructor - Domain Detection should detect actual IP address not 127.0.0.1 for networked systems","status":"passed","title":"should detect actual IP address not 127.0.0.1 for networked systems","duration":1.1266489999999294,"failureMessages":[],"meta":{}},{"ancestorTitles":["Server Initialization - Domain and Hostname Detection","Constructor - Domain Detection"],"fullName":"Server Initialization - Domain and Hostname Detection Constructor - Domain Detection should set all required fields in server model","status":"passed","title":"should set all required fields in server model","duration":1.5789899999999761,"failureMessages":[],"meta":{}},{"ancestorTitles":["Server Initialization - Domain and Hostname Detection","Scenario Path Construction"],"fullName":"Server Initialization - Domain and Hostname Detection Scenario Path Construction should construct hierarchical path based on detected domain/hostname","status":"failed","title":"should construct hierarchical path based on detected domain/hostname","duration":1022.1198969999999,"failureMessages":["AssertionError: expected false to be true // Object.is equality\n    at /Users/Shared/Workspaces/2cuGitHub/UpDown/components/ONCE/0.3.20.5/test/server-initialization.test.ts:182:28\n    at file:///Users/Shared/Workspaces/2cuGitHub/UpDown/node_modules/@vitest/runner/dist/chunk-hooks.js:752:20"],"meta":{}},{"ancestorTitles":["Server Initialization - Domain and Hostname Detection","Scenario Path Construction"],"fullName":"Server Initialization - Domain and Hostname Detection Scenario Path Construction should save scenario file with correct domain/hostname metadata","status":"pending","title":"should save scenario file with correct domain/hostname metadata","failureMessages":[],"meta":{}},{"ancestorTitles":["Server Initialization - Domain and Hostname Detection","Regression Tests - Bug Verification"],"fullName":"Server Initialization - Domain and Hostname Detection Regression Tests - Bug Verification should NOT save scenarios to old flat path (local.once/ONCE/)","status":"pending","title":"should NOT save scenarios to old flat path (local.once/ONCE/)","failureMessages":[],"meta":{}},{"ancestorTitles":["Server Initialization - Domain and Hostname Detection","Regression Tests - Bug Verification"],"fullName":"Server Initialization - Domain and Hostname Detection Regression Tests - Bug Verification should NOT use localhost fallback when system has FQDN","status":"pending","title":"should NOT use localhost fallback when system has FQDN","failureMessages":[],"meta":{}}],"startTime":1763463251645,"endTime":1763463252832.1199,"status":"failed","message":"","name":"/Users/Shared/Workspaces/2cuGitHub/UpDown/components/ONCE/0.3.20.5/test/server-initialization.test.ts"}]}