{"numTotalTestSuites":2,"numPassedTestSuites":2,"numFailedTestSuites":0,"numPendingTestSuites":0,"numTotalTests":5,"numPassedTests":5,"numFailedTests":0,"numPendingTests":0,"numTodoTests":0,"snapshot":{"added":0,"failure":false,"filesAdded":0,"filesRemoved":0,"filesRemovedList":[],"filesUnmatched":0,"filesUpdated":0,"matched":0,"total":0,"unchecked":0,"uncheckedKeysByFile":[],"unmatched":0,"updated":0,"didUpdate":false},"startTime":1760525576687,"success":true,"testResults":[{"assertionResults":[{"ancestorTitles":["initProject creates source.env"],"fullName":"initProject creates source.env should create source.env with correct content","status":"passed","title":"should create source.env with correct content","duration":26.221038999999905,"failureMessages":[],"meta":{}},{"ancestorTitles":["initProject creates source.env"],"fullName":"initProject creates source.env should not overwrite existing source.env","status":"passed","title":"should not overwrite existing source.env","duration":40.64933800000006,"failureMessages":[],"meta":{}},{"ancestorTitles":["initProject creates source.env"],"fullName":"initProject creates source.env should make source.env executable","status":"passed","title":"should make source.env executable","duration":28.7628279999999,"failureMessages":[],"meta":{}},{"ancestorTitles":["initProject creates source.env"],"fullName":"initProject creates source.env should have version number aligned with component version","status":"passed","title":"should have version number aligned with component version","duration":20.45742299999995,"failureMessages":[],"meta":{}},{"ancestorTitles":["initProject creates source.env"],"fullName":"initProject creates source.env should use BRIGHT_CYAN for \"web4\" in prompt","status":"passed","title":"should use BRIGHT_CYAN for \"web4\" in prompt","duration":5.847586999999976,"failureMessages":[],"meta":{}}],"startTime":1760525577464,"endTime":1760525577587.8477,"status":"passed","message":"","name":"/Users/Shared/Workspaces/2cuGitHub/UpDown/components/Web4TSComponent/0.3.13.1/test/init-project-source-env.test.ts"}]}