{"numTotalTestSuites":3,"numPassedTestSuites":3,"numFailedTestSuites":0,"numPendingTestSuites":0,"numTotalTests":3,"numPassedTests":3,"numFailedTests":0,"numPendingTests":0,"numTodoTests":0,"snapshot":{"added":0,"failure":false,"filesAdded":0,"filesRemoved":0,"filesRemovedList":[],"filesUnmatched":0,"filesUpdated":0,"matched":0,"total":0,"unchecked":0,"uncheckedKeysByFile":[],"unmatched":0,"updated":0,"didUpdate":false},"startTime":1762291167258,"success":true,"testResults":[{"assertionResults":[{"ancestorTitles":["PDCA Basic Tests"],"fullName":"PDCA Basic Tests should create instance successfully","status":"passed","title":"should create instance successfully","duration":5.172039000000041,"failureMessages":[],"meta":{}},{"ancestorTitles":["PDCA Basic Tests"],"fullName":"PDCA Basic Tests should have empty constructor (Web4 standard)","status":"passed","title":"should have empty constructor (Web4 standard)","duration":4.702499999999986,"failureMessages":[],"meta":{}},{"ancestorTitles":["PDCA CLI Location Resilience"],"fullName":"PDCA CLI Location Resilience should work when called from scripts/ directory","status":"passed","title":"should work when called from scripts/ directory","duration":5176.131482,"failureMessages":[],"meta":{}}],"startTime":1762291167871,"endTime":1762291173066.1316,"status":"passed","message":"","name":"/Users/Shared/Workspaces/temp/Web4Articles/components/PDCA/0.3.17.7/test/pdca.test.ts"}]}