{"numTotalTestSuites":2,"numPassedTestSuites":0,"numFailedTestSuites":2,"numPendingTestSuites":0,"numTotalTests":2,"numPassedTests":1,"numFailedTests":1,"numPendingTests":0,"numTodoTests":0,"snapshot":{"added":0,"failure":false,"filesAdded":0,"filesRemoved":0,"filesRemovedList":[],"filesUnmatched":0,"filesUpdated":0,"matched":0,"total":0,"unchecked":0,"uncheckedKeysByFile":[],"unmatched":0,"updated":0,"didUpdate":false},"startTime":1763667231615,"success":false,"testResults":[{"assertionResults":[{"ancestorTitles":["HTML Template Rendering"],"fullName":"HTML Template Rendering should render server-status.html with model values (not template placeholders)","status":"failed","title":"should render server-status.html with model values (not template placeholders)","duration":15007.011435999999,"failureMessages":["Error: STACK_TRACE_ERROR\n    at task (file:///Users/Shared/Workspaces/2cuGitHub/UpDown/node_modules/@vitest/runner/dist/chunk-hooks.js:638:27)\n    at Object.<anonymous> (file:///Users/Shared/Workspaces/2cuGitHub/UpDown/node_modules/@vitest/runner/dist/chunk-hooks.js:662:16)\n    at Object.<anonymous> (file:///Users/Shared/Workspaces/2cuGitHub/UpDown/node_modules/@vitest/runner/dist/chunk-hooks.js:458:28)\n    at chain (file:///Users/Shared/Workspaces/2cuGitHub/UpDown/node_modules/@vitest/runner/dist/chunk-hooks.js:369:14)\n    at /Users/Shared/Workspaces/2cuGitHub/UpDown/components/ONCE/0.3.21.2/test/template-rendering.test.ts:12:5\n    at file:///Users/Shared/Workspaces/2cuGitHub/UpDown/node_modules/@vitest/runner/dist/chunk-hooks.js:734:40\n    at runWithSuite (file:///Users/Shared/Workspaces/2cuGitHub/UpDown/node_modules/@vitest/runner/dist/chunk-hooks.js:1849:8)\n    at Object.collect (file:///Users/Shared/Workspaces/2cuGitHub/UpDown/node_modules/@vitest/runner/dist/chunk-hooks.js:734:10)\n    at Object.collect (file:///Users/Shared/Workspaces/2cuGitHub/UpDown/node_modules/@vitest/runner/dist/chunk-hooks.js:738:54)\n    at processTicksAndRejections (node:internal/process/task_queues:105:5)\n    at collectTests (file:///Users/Shared/Workspaces/2cuGitHub/UpDown/node_modules/@vitest/runner/dist/chunk-hooks.js:1179:25)\n    at startTests (file:///Users/Shared/Workspaces/2cuGitHub/UpDown/node_modules/@vitest/runner/dist/chunk-hooks.js:1817:17)\n    at file:///Users/Shared/Workspaces/2cuGitHub/UpDown/node_modules/vitest/dist/chunks/runBaseTests.9Ij9_de-.js:117:26\n    at withEnv (file:///Users/Shared/Workspaces/2cuGitHub/UpDown/node_modules/vitest/dist/chunks/runBaseTests.9Ij9_de-.js:84:3)\n    at run (file:///Users/Shared/Workspaces/2cuGitHub/UpDown/node_modules/vitest/dist/chunks/runBaseTests.9Ij9_de-.js:109:2)"],"meta":{}},{"ancestorTitles":["HTML Template Rendering"],"fullName":"HTML Template Rendering should render once-client.html without placeholders","status":"passed","title":"should render once-client.html without placeholders","duration":3058.761746,"failureMessages":[],"meta":{}}],"startTime":1763667232097,"endTime":1763667250163.7617,"status":"failed","message":"","name":"/Users/Shared/Workspaces/2cuGitHub/UpDown/components/ONCE/0.3.21.2/test/template-rendering.test.ts"}]}