{"numTotalTestSuites":5,"numPassedTestSuites":1,"numFailedTestSuites":4,"numPendingTestSuites":0,"numTotalTests":9,"numPassedTests":6,"numFailedTests":3,"numPendingTests":0,"numTodoTests":0,"snapshot":{"added":0,"failure":false,"filesAdded":0,"filesRemoved":0,"filesRemovedList":[],"filesUnmatched":0,"filesUpdated":0,"matched":0,"total":0,"unchecked":0,"uncheckedKeysByFile":[],"unmatched":0,"updated":0,"didUpdate":false},"startTime":1763654419104,"success":false,"testResults":[{"assertionResults":[{"ancestorTitles":["Server Initialization - Domain and Hostname Detection","Constructor - Domain Detection"],"fullName":"Server Initialization - Domain and Hostname Detection Constructor - Domain Detection should detect actual hostname from os.hostname() not fallback to localhost","status":"passed","title":"should detect actual hostname from os.hostname() not fallback to localhost","duration":305.149037,"failureMessages":[],"meta":{}},{"ancestorTitles":["Server Initialization - Domain and Hostname Detection","Constructor - Domain Detection"],"fullName":"Server Initialization - Domain and Hostname Detection Constructor - Domain Detection should extract domain correctly from FQDN","status":"passed","title":"should extract domain correctly from FQDN","duration":1.1693579999999884,"failureMessages":[],"meta":{}},{"ancestorTitles":["Server Initialization - Domain and Hostname Detection","Constructor - Domain Detection"],"fullName":"Server Initialization - Domain and Hostname Detection Constructor - Domain Detection should extract short hostname from FQDN","status":"passed","title":"should extract short hostname from FQDN","duration":0.8030820000000176,"failureMessages":[],"meta":{}},{"ancestorTitles":["Server Initialization - Domain and Hostname Detection","Constructor - Domain Detection"],"fullName":"Server Initialization - Domain and Hostname Detection Constructor - Domain Detection should detect actual IP address not 127.0.0.1 for networked systems","status":"passed","title":"should detect actual IP address not 127.0.0.1 for networked systems","duration":1.6481850000000122,"failureMessages":[],"meta":{}},{"ancestorTitles":["Server Initialization - Domain and Hostname Detection","Constructor - Domain Detection"],"fullName":"Server Initialization - Domain and Hostname Detection Constructor - Domain Detection should set all required fields in server model","status":"passed","title":"should set all required fields in server model","duration":1.8798319999999649,"failureMessages":[],"meta":{}},{"ancestorTitles":["Server Initialization - Domain and Hostname Detection","Scenario Path Construction"],"fullName":"Server Initialization - Domain and Hostname Detection Scenario Path Construction should construct hierarchical path based on detected domain/hostname","status":"failed","title":"should construct hierarchical path based on detected domain/hostname","duration":1025.537629,"failureMessages":["AssertionError: expected false to be true // Object.is equality\n    at /Users/Shared/Workspaces/2cuGitHub/UpDown/components/ONCE/0.3.21.2/test/server-initialization.test.ts:182:28\n    at file:///Users/Shared/Workspaces/2cuGitHub/UpDown/node_modules/@vitest/runner/dist/chunk-hooks.js:752:20"],"meta":{}},{"ancestorTitles":["Server Initialization - Domain and Hostname Detection","Scenario Path Construction"],"fullName":"Server Initialization - Domain and Hostname Detection Scenario Path Construction should save scenario file with correct domain/hostname metadata","status":"failed","title":"should save scenario file with correct domain/hostname metadata","duration":1036.2410860000002,"failureMessages":["AssertionError: expected 0 to be greater than 0\n    at /Users/Shared/Workspaces/2cuGitHub/UpDown/components/ONCE/0.3.21.2/test/server-initialization.test.ts:218:42\n    at processTicksAndRejections (node:internal/process/task_queues:105:5)\n    at file:///Users/Shared/Workspaces/2cuGitHub/UpDown/node_modules/@vitest/runner/dist/chunk-hooks.js:752:20"],"meta":{}},{"ancestorTitles":["Server Initialization - Domain and Hostname Detection","Regression Tests - Bug Verification"],"fullName":"Server Initialization - Domain and Hostname Detection Regression Tests - Bug Verification should NOT save scenarios to old flat path (local.once/ONCE/)","status":"failed","title":"should NOT save scenarios to old flat path (local.once/ONCE/)","duration":1007.230681,"failureMessages":["TypeError: Cannot read properties of undefined (reading 'version')\n    at /Users/Shared/Workspaces/2cuGitHub/UpDown/components/ONCE/0.3.21.2/test/server-initialization.test.ts:272:35\n    at file:///Users/Shared/Workspaces/2cuGitHub/UpDown/node_modules/@vitest/runner/dist/chunk-hooks.js:752:20"],"meta":{}},{"ancestorTitles":["Server Initialization - Domain and Hostname Detection","Regression Tests - Bug Verification"],"fullName":"Server Initialization - Domain and Hostname Detection Regression Tests - Bug Verification should NOT use localhost fallback when system has FQDN","status":"passed","title":"should NOT use localhost fallback when system has FQDN","duration":2.39888800000017,"failureMessages":[],"meta":{}}],"startTime":1763654419820,"endTime":1763654423206.399,"status":"failed","message":"","name":"/Users/Shared/Workspaces/2cuGitHub/UpDown/components/ONCE/0.3.21.2/test/server-initialization.test.ts"}]}