{"numTotalTestSuites":7,"numPassedTestSuites":7,"numFailedTestSuites":0,"numPendingTestSuites":0,"numTotalTests":7,"numPassedTests":7,"numFailedTests":0,"numPendingTests":0,"numTodoTests":0,"snapshot":{"added":0,"failure":false,"filesAdded":0,"filesRemoved":0,"filesRemovedList":[],"filesUnmatched":0,"filesUpdated":0,"matched":0,"total":0,"unchecked":0,"uncheckedKeysByFile":[],"unmatched":0,"updated":0,"didUpdate":false},"startTime":1763555077544,"success":true,"testResults":[{"assertionResults":[{"ancestorTitles":["Server Lifecycle Management","Housekeeping at Startup"],"fullName":"Server Lifecycle Management Housekeeping at Startup should delete shutdown server scenarios on primary startup","status":"passed","title":"should delete shutdown server scenarios on primary startup","duration":2575.2332260000003,"failureMessages":[],"meta":{}},{"ancestorTitles":["Server Lifecycle Management","Housekeeping at Startup"],"fullName":"Server Lifecycle Management Housekeeping at Startup should discover and keep running client server scenarios","status":"passed","title":"should discover and keep running client server scenarios","duration":4660.552911,"failureMessages":[],"meta":{}},{"ancestorTitles":["Server Lifecycle Management","Graceful Shutdown"],"fullName":"Server Lifecycle Management Graceful Shutdown should update scenario state to STOPPING then SHUTDOWN","status":"passed","title":"should update scenario state to STOPPING then SHUTDOWN","duration":1013.129097,"failureMessages":[],"meta":{}},{"ancestorTitles":["Server Lifecycle Management","Dynamic Server Addition"],"fullName":"Server Lifecycle Management Dynamic Server Addition should register new client server dynamically","status":"passed","title":"should register new client server dynamically","duration":3243.40229,"failureMessages":[],"meta":{}},{"ancestorTitles":["Server Lifecycle Management","Dynamic Server Addition"],"fullName":"Server Lifecycle Management Dynamic Server Addition should handle client disconnect and cleanup","status":"passed","title":"should handle client disconnect and cleanup","duration":1622.6946769999995,"failureMessages":[],"meta":{}},{"ancestorTitles":["Server Lifecycle Management","Scenario Persistence"],"fullName":"Server Lifecycle Management Scenario Persistence should persist server state across restarts","status":"passed","title":"should persist server state across restarts","duration":3018.8364839999995,"failureMessages":[],"meta":{}},{"ancestorTitles":["Server Lifecycle Management","Primary Server Crash Recovery"],"fullName":"Server Lifecycle Management Primary Server Crash Recovery should restart primary and rediscover running clients after crash","status":"passed","title":"should restart primary and rediscover running clients after crash","duration":10614.840427,"failureMessages":[],"meta":{}}],"startTime":1763555078211,"endTime":1763555104959.8403,"status":"passed","message":"","name":"/Users/Shared/Workspaces/2cuGitHub/UpDown/components/ONCE/0.3.21.1/test/lifecycle-management.test.ts"}]}