{"numTotalTestSuites":2,"numPassedTestSuites":0,"numFailedTestSuites":2,"numPendingTestSuites":0,"numTotalTests":8,"numPassedTests":6,"numFailedTests":2,"numPendingTests":0,"numTodoTests":0,"snapshot":{"added":0,"failure":false,"filesAdded":0,"filesRemoved":0,"filesRemovedList":[],"filesUnmatched":0,"filesUpdated":0,"matched":0,"total":0,"unchecked":0,"uncheckedKeysByFile":[],"unmatched":0,"updated":0,"didUpdate":false},"startTime":1765352601526,"success":false,"testResults":[{"assertionResults":[{"ancestorTitles":["End-to-End Browser UI Interaction"],"fullName":"End-to-End Browser UI Interaction should navigate to demo hub and see all servers","status":"passed","title":"should navigate to demo hub and see all servers","duration":850.4393310000014,"failureMessages":[],"meta":{}},{"ancestorTitles":["End-to-End Browser UI Interaction"],"fullName":"End-to-End Browser UI Interaction should open client pages and verify connection status","status":"failed","title":"should open client pages and verify connection status","duration":1986.3082839999988,"failureMessages":["page.goto: net::ERR_CONNECTION_REFUSED at http://localhost:8082/once\nCall log:\n  - navigating to \"http://localhost:8082/once\", waiting until \"load\"\n\n    at /Users/Shared/Workspaces/2cuGitHub/UpDown/components/ONCE/0.3.21.5/test/e2e-browser-ui.test.ts:117:21\n    at /Users/Shared/Workspaces/2cuGitHub/UpDown/node_modules/@vitest/runner/dist/chunk-hooks.js:752:20"],"meta":{}},{"ancestorTitles":["End-to-End Browser UI Interaction"],"fullName":"End-to-End Browser UI Interaction should send broadcast message and verify receipt on other client","status":"failed","title":"should send broadcast message and verify receipt on other client","duration":2049.6117989999984,"failureMessages":["page.goto: net::ERR_CONNECTION_REFUSED at http://localhost:8082/once\nCall log:\n  - navigating to \"http://localhost:8082/once\", waiting until \"load\"\n\n    at /Users/Shared/Workspaces/2cuGitHub/UpDown/components/ONCE/0.3.21.5/test/e2e-browser-ui.test.ts:142:21\n    at /Users/Shared/Workspaces/2cuGitHub/UpDown/node_modules/@vitest/runner/dist/chunk-hooks.js:752:20"],"meta":{}},{"ancestorTitles":["End-to-End Browser UI Interaction"],"fullName":"End-to-End Browser UI Interaction should clear message log when button clicked","status":"passed","title":"should clear message log when button clicked","duration":3898.1686850000006,"failureMessages":[],"meta":{}},{"ancestorTitles":["End-to-End Browser UI Interaction"],"fullName":"End-to-End Browser UI Interaction should show server list on demo hub page","status":"passed","title":"should show server list on demo hub page","duration":2967.679529000001,"failureMessages":[],"meta":{}},{"ancestorTitles":["End-to-End Browser UI Interaction"],"fullName":"End-to-End Browser UI Interaction should open server status page and verify routes","status":"passed","title":"should open server status page and verify routes","duration":799.2252689999987,"failureMessages":[],"meta":{}},{"ancestorTitles":["End-to-End Browser UI Interaction"],"fullName":"End-to-End Browser UI Interaction should navigate between pages using route links","status":"passed","title":"should navigate between pages using route links","duration":7015.274532999996,"failureMessages":[],"meta":{}},{"ancestorTitles":["End-to-End Browser UI Interaction"],"fullName":"End-to-End Browser UI Interaction should display connected servers count in browser client","status":"passed","title":"should display connected servers count in browser client","duration":2686.794568999998,"failureMessages":[],"meta":{}}],"startTime":1765352621331,"endTime":1765352643609.7947,"status":"failed","message":"","name":"/Users/Shared/Workspaces/2cuGitHub/UpDown/components/ONCE/0.3.21.5/test/e2e-browser-ui.test.ts"}]}