{"numTotalTestSuites":6,"numPassedTestSuites":6,"numFailedTestSuites":0,"numPendingTestSuites":0,"numTotalTests":15,"numPassedTests":12,"numFailedTests":0,"numPendingTests":3,"numTodoTests":0,"snapshot":{"added":0,"failure":false,"filesAdded":0,"filesRemoved":0,"filesRemovedList":[],"filesUnmatched":0,"filesUpdated":0,"matched":0,"total":0,"unchecked":0,"uncheckedKeysByFile":[],"unmatched":0,"updated":0,"didUpdate":false},"startTime":1764252350254,"success":true,"testResults":[{"assertionResults":[{"ancestorTitles":["Server Lifecycle Management (Black-Box)"],"fullName":"Server Lifecycle Management (Black-Box) should delete shutdown server scenarios on primary startup","status":"passed","title":"should delete shutdown server scenarios on primary startup","duration":4190.645855999999,"failureMessages":[],"meta":{}},{"ancestorTitles":["Server Lifecycle Management (Black-Box)"],"fullName":"Server Lifecycle Management (Black-Box) should discover and keep running client server scenarios","status":"passed","title":"should discover and keep running client server scenarios","duration":6408.388791000001,"failureMessages":[],"meta":{}},{"ancestorTitles":["Server Lifecycle Management (Black-Box)"],"fullName":"Server Lifecycle Management (Black-Box) should update scenario state to STOPPING then SHUTDOWN","status":"passed","title":"should update scenario state to STOPPING then SHUTDOWN","duration":3189.3447119999983,"failureMessages":[],"meta":{}},{"ancestorTitles":["Server Lifecycle Management (Black-Box)"],"fullName":"Server Lifecycle Management (Black-Box) should register new client server dynamically","status":"skipped","title":"should register new client server dynamically","failureMessages":[],"meta":{}},{"ancestorTitles":["Server Lifecycle Management (Black-Box)"],"fullName":"Server Lifecycle Management (Black-Box) should handle client disconnect and cleanup [FLAKY - scenario timing]","status":"skipped","title":"should handle client disconnect and cleanup [FLAKY - scenario timing]","failureMessages":[],"meta":{}},{"ancestorTitles":["Server Lifecycle Management (Black-Box)"],"fullName":"Server Lifecycle Management (Black-Box) should persist server state across restarts","status":"passed","title":"should persist server state across restarts","duration":4175.630768999999,"failureMessages":[],"meta":{}},{"ancestorTitles":["Server Lifecycle Management (Black-Box)"],"fullName":"Server Lifecycle Management (Black-Box) should restart primary and rediscover running clients after crash [FLAKY - scenario timing]","status":"skipped","title":"should restart primary and rediscover running clients after crash [FLAKY - scenario timing]","failureMessages":[],"meta":{}}],"startTime":1764252354850,"endTime":1764252372814.6309,"status":"passed","message":"","name":"/Users/Shared/Workspaces/2cuGitHub/UpDown/components/ONCE/0.3.21.7/test/lifecycle-management.test.ts"},{"assertionResults":[{"ancestorTitles":["HTML Template Rendering"],"fullName":"HTML Template Rendering should render server-status.html with model values (not template placeholders)","status":"passed","title":"should render server-status.html with model values (not template placeholders)","duration":3466.4046119999985,"failureMessages":[],"meta":{}},{"ancestorTitles":["HTML Template Rendering"],"fullName":"HTML Template Rendering should render once-client.html without placeholders","status":"passed","title":"should render once-client.html without placeholders","duration":3054.112391999999,"failureMessages":[],"meta":{}}],"startTime":1764252375871,"endTime":1764252382392.1123,"status":"passed","message":"","name":"/Users/Shared/Workspaces/2cuGitHub/UpDown/components/ONCE/0.3.21.7/test/template-rendering.test.ts"},{"assertionResults":[{"ancestorTitles":["🧪 ONCE Test Isolation Setup"],"fullName":"🧪 ONCE Test Isolation Setup should have Web4TSComponent in test/data","status":"passed","title":"should have Web4TSComponent in test/data","duration":1.3035500000041793,"failureMessages":[],"meta":{}},{"ancestorTitles":["🧪 ONCE Test Isolation Setup"],"fullName":"🧪 ONCE Test Isolation Setup should have ONCE in test/data","status":"passed","title":"should have ONCE in test/data","duration":0.9814750000005006,"failureMessages":[],"meta":{}},{"ancestorTitles":["🧪 ONCE Test Isolation Setup"],"fullName":"🧪 ONCE Test Isolation Setup should have web4tscomponent CLI symlink in scripts/","status":"passed","title":"should have web4tscomponent CLI symlink in scripts/","duration":0.6571620000031544,"failureMessages":[],"meta":{}},{"ancestorTitles":["🧪 ONCE Test Isolation Setup"],"fullName":"🧪 ONCE Test Isolation Setup should have once CLI symlink in scripts/","status":"passed","title":"should have once CLI symlink in scripts/","duration":0.4295510000010836,"failureMessages":[],"meta":{}},{"ancestorTitles":["🧪 ONCE Test Isolation Setup"],"fullName":"🧪 ONCE Test Isolation Setup should have component symlinks (latest, dev, test)","status":"passed","title":"should have component symlinks (latest, dev, test)","duration":0.37678500000038184,"failureMessages":[],"meta":{}},{"ancestorTitles":["🧪 ONCE Test Isolation Setup"],"fullName":"🧪 ONCE Test Isolation Setup should populate test/data when running baseline test","status":"passed","title":"should populate test/data when running baseline test","duration":1.3384829999995418,"failureMessages":[],"meta":{}}],"startTime":1764252389295,"endTime":1764252389300.3384,"status":"passed","message":"","name":"/Users/Shared/Workspaces/2cuGitHub/UpDown/components/ONCE/0.3.21.7/test/vitest/once-test-isolation-setup.test.ts"}]}