{"numTotalTestSuites":6,"numPassedTestSuites":4,"numFailedTestSuites":2,"numPendingTestSuites":0,"numTotalTests":15,"numPassedTests":11,"numFailedTests":1,"numPendingTests":3,"numTodoTests":0,"snapshot":{"added":0,"failure":false,"filesAdded":0,"filesRemoved":0,"filesRemovedList":[],"filesUnmatched":0,"filesUpdated":0,"matched":0,"total":0,"unchecked":0,"uncheckedKeysByFile":[],"unmatched":0,"updated":0,"didUpdate":false},"startTime":1764522888258,"success":false,"testResults":[{"assertionResults":[{"ancestorTitles":["Server Lifecycle Management (Black-Box)"],"fullName":"Server Lifecycle Management (Black-Box) should delete shutdown server scenarios on primary startup","status":"passed","title":"should delete shutdown server scenarios on primary startup","duration":4127.963248,"failureMessages":[],"meta":{}},{"ancestorTitles":["Server Lifecycle Management (Black-Box)"],"fullName":"Server Lifecycle Management (Black-Box) should discover and keep running client server scenarios","status":"passed","title":"should discover and keep running client server scenarios","duration":11274.125555,"failureMessages":[],"meta":{}},{"ancestorTitles":["Server Lifecycle Management (Black-Box)"],"fullName":"Server Lifecycle Management (Black-Box) should update scenario state to STOPPING then SHUTDOWN","status":"passed","title":"should update scenario state to STOPPING then SHUTDOWN","duration":3046.305096,"failureMessages":[],"meta":{}},{"ancestorTitles":["Server Lifecycle Management (Black-Box)"],"fullName":"Server Lifecycle Management (Black-Box) should register new client server dynamically","status":"skipped","title":"should register new client server dynamically","failureMessages":[],"meta":{}},{"ancestorTitles":["Server Lifecycle Management (Black-Box)"],"fullName":"Server Lifecycle Management (Black-Box) should handle client disconnect and cleanup [FLAKY - scenario timing]","status":"skipped","title":"should handle client disconnect and cleanup [FLAKY - scenario timing]","failureMessages":[],"meta":{}},{"ancestorTitles":["Server Lifecycle Management (Black-Box)"],"fullName":"Server Lifecycle Management (Black-Box) should persist server state across restarts","status":"passed","title":"should persist server state across restarts","duration":9133.370432,"failureMessages":[],"meta":{}},{"ancestorTitles":["Server Lifecycle Management (Black-Box)"],"fullName":"Server Lifecycle Management (Black-Box) should restart primary and rediscover running clients after crash [FLAKY - scenario timing]","status":"skipped","title":"should restart primary and rediscover running clients after crash [FLAKY - scenario timing]","failureMessages":[],"meta":{}}],"startTime":1764522889847,"endTime":1764522917429.3704,"status":"passed","message":"","name":"/Users/Shared/Workspaces/2cuGitHub/UpDown/components/ONCE/0.3.21.7/test/lifecycle-management.test.ts"},{"assertionResults":[{"ancestorTitles":["HTML Template Rendering"],"fullName":"HTML Template Rendering should render server-status.html with model values (not template placeholders)","status":"failed","title":"should render server-status.html with model values (not template placeholders)","duration":30007.075497000005,"failureMessages":["Error: STACK_TRACE_ERROR\n    at task (file:///Users/Shared/Workspaces/2cuGitHub/UpDown/components/ONCE/0.3.21.7/node_modules/@vitest/runner/dist/chunk-hooks.js:638:27)\n    at Object.<anonymous> (file:///Users/Shared/Workspaces/2cuGitHub/UpDown/components/ONCE/0.3.21.7/node_modules/@vitest/runner/dist/chunk-hooks.js:662:16)\n    at Object.<anonymous> (file:///Users/Shared/Workspaces/2cuGitHub/UpDown/components/ONCE/0.3.21.7/node_modules/@vitest/runner/dist/chunk-hooks.js:458:28)\n    at chain (file:///Users/Shared/Workspaces/2cuGitHub/UpDown/components/ONCE/0.3.21.7/node_modules/@vitest/runner/dist/chunk-hooks.js:369:14)\n    at /Users/Shared/Workspaces/2cuGitHub/UpDown/components/ONCE/0.3.21.7/test/template-rendering.test.ts:16:5\n    at file:///Users/Shared/Workspaces/2cuGitHub/UpDown/components/ONCE/0.3.21.7/node_modules/@vitest/runner/dist/chunk-hooks.js:734:40\n    at runWithSuite (file:///Users/Shared/Workspaces/2cuGitHub/UpDown/components/ONCE/0.3.21.7/node_modules/@vitest/runner/dist/chunk-hooks.js:1849:8)\n    at Object.collect (file:///Users/Shared/Workspaces/2cuGitHub/UpDown/components/ONCE/0.3.21.7/node_modules/@vitest/runner/dist/chunk-hooks.js:734:10)\n    at Object.collect (file:///Users/Shared/Workspaces/2cuGitHub/UpDown/components/ONCE/0.3.21.7/node_modules/@vitest/runner/dist/chunk-hooks.js:738:54)\n    at processTicksAndRejections (node:internal/process/task_queues:105:5)\n    at collectTests (file:///Users/Shared/Workspaces/2cuGitHub/UpDown/components/ONCE/0.3.21.7/node_modules/@vitest/runner/dist/chunk-hooks.js:1179:25)\n    at startTests (file:///Users/Shared/Workspaces/2cuGitHub/UpDown/components/ONCE/0.3.21.7/node_modules/@vitest/runner/dist/chunk-hooks.js:1817:17)\n    at file:///Users/Shared/Workspaces/2cuGitHub/UpDown/components/ONCE/0.3.21.7/node_modules/vitest/dist/chunks/runBaseTests.9Ij9_de-.js:117:26\n    at withEnv (file:///Users/Shared/Workspaces/2cuGitHub/UpDown/components/ONCE/0.3.21.7/node_modules/vitest/dist/chunks/runBaseTests.9Ij9_de-.js:84:3)\n    at run (file:///Users/Shared/Workspaces/2cuGitHub/UpDown/components/ONCE/0.3.21.7/node_modules/vitest/dist/chunks/runBaseTests.9Ij9_de-.js:109:2)"],"meta":{}},{"ancestorTitles":["HTML Template Rendering"],"fullName":"HTML Template Rendering should render once-client.html without placeholders","status":"passed","title":"should render once-client.html without placeholders","duration":3058.715805,"failureMessages":[],"meta":{}}],"startTime":1764522922381,"endTime":1764522955447.7158,"status":"failed","message":"","name":"/Users/Shared/Workspaces/2cuGitHub/UpDown/components/ONCE/0.3.21.7/test/template-rendering.test.ts"},{"assertionResults":[{"ancestorTitles":["🧪 ONCE Test Isolation Setup"],"fullName":"🧪 ONCE Test Isolation Setup should have Web4TSComponent in test/data","status":"passed","title":"should have Web4TSComponent in test/data","duration":0.39175999999861233,"failureMessages":[],"meta":{}},{"ancestorTitles":["🧪 ONCE Test Isolation Setup"],"fullName":"🧪 ONCE Test Isolation Setup should have ONCE in test/data","status":"passed","title":"should have ONCE in test/data","duration":0.31565199999749893,"failureMessages":[],"meta":{}},{"ancestorTitles":["🧪 ONCE Test Isolation Setup"],"fullName":"🧪 ONCE Test Isolation Setup should have web4tscomponent CLI symlink in scripts/","status":"passed","title":"should have web4tscomponent CLI symlink in scripts/","duration":0.30133899999782443,"failureMessages":[],"meta":{}},{"ancestorTitles":["🧪 ONCE Test Isolation Setup"],"fullName":"🧪 ONCE Test Isolation Setup should have once CLI symlink in scripts/","status":"passed","title":"should have once CLI symlink in scripts/","duration":0.49857600000541424,"failureMessages":[],"meta":{}},{"ancestorTitles":["🧪 ONCE Test Isolation Setup"],"fullName":"🧪 ONCE Test Isolation Setup should have component symlinks (latest, dev, test)","status":"passed","title":"should have component symlinks (latest, dev, test)","duration":1.7628790000017034,"failureMessages":[],"meta":{}},{"ancestorTitles":["🧪 ONCE Test Isolation Setup"],"fullName":"🧪 ONCE Test Isolation Setup should populate test/data when running baseline test","status":"passed","title":"should populate test/data when running baseline test","duration":0.43355099999462254,"failureMessages":[],"meta":{}}],"startTime":1764522922366,"endTime":1764522922369.4336,"status":"passed","message":"","name":"/Users/Shared/Workspaces/2cuGitHub/UpDown/components/ONCE/0.3.21.7/test/vitest/once-test-isolation-setup.test.ts"}]}