{"numTotalTestSuites":5,"numPassedTestSuites":5,"numFailedTestSuites":0,"numPendingTestSuites":0,"numTotalTests":10,"numPassedTests":10,"numFailedTests":0,"numPendingTests":0,"numTodoTests":0,"snapshot":{"added":0,"failure":false,"filesAdded":0,"filesRemoved":0,"filesRemovedList":[],"filesUnmatched":0,"filesUpdated":0,"matched":0,"total":0,"unchecked":0,"uncheckedKeysByFile":[],"unmatched":0,"updated":0,"didUpdate":false},"startTime":1763751133071,"success":true,"testResults":[{"assertionResults":[{"ancestorTitles":["Server Initialization - Domain and Hostname Detection","Constructor - Domain Detection"],"fullName":"Server Initialization - Domain and Hostname Detection Constructor - Domain Detection should always have version set after construction","status":"passed","title":"should always have version set after construction","duration":573.836182,"failureMessages":[],"meta":{}},{"ancestorTitles":["Server Initialization - Domain and Hostname Detection","Constructor - Domain Detection"],"fullName":"Server Initialization - Domain and Hostname Detection Constructor - Domain Detection should detect actual hostname from os.hostname() not fallback to localhost","status":"passed","title":"should detect actual hostname from os.hostname() not fallback to localhost","duration":1.358263000000079,"failureMessages":[],"meta":{}},{"ancestorTitles":["Server Initialization - Domain and Hostname Detection","Constructor - Domain Detection"],"fullName":"Server Initialization - Domain and Hostname Detection Constructor - Domain Detection should extract domain correctly from FQDN","status":"passed","title":"should extract domain correctly from FQDN","duration":1.1967100000001665,"failureMessages":[],"meta":{}},{"ancestorTitles":["Server Initialization - Domain and Hostname Detection","Constructor - Domain Detection"],"fullName":"Server Initialization - Domain and Hostname Detection Constructor - Domain Detection should extract short hostname from FQDN","status":"passed","title":"should extract short hostname from FQDN","duration":1.0054130000000896,"failureMessages":[],"meta":{}},{"ancestorTitles":["Server Initialization - Domain and Hostname Detection","Constructor - Domain Detection"],"fullName":"Server Initialization - Domain and Hostname Detection Constructor - Domain Detection should detect actual IP address not 127.0.0.1 for networked systems","status":"passed","title":"should detect actual IP address not 127.0.0.1 for networked systems","duration":15.110580000000027,"failureMessages":[],"meta":{}},{"ancestorTitles":["Server Initialization - Domain and Hostname Detection","Constructor - Domain Detection"],"fullName":"Server Initialization - Domain and Hostname Detection Constructor - Domain Detection should set all required fields in server model","status":"passed","title":"should set all required fields in server model","duration":5.655316999999968,"failureMessages":[],"meta":{}},{"ancestorTitles":["Server Initialization - Domain and Hostname Detection","Scenario Path Construction"],"fullName":"Server Initialization - Domain and Hostname Detection Scenario Path Construction should construct hierarchical path based on detected domain/hostname","status":"passed","title":"should construct hierarchical path based on detected domain/hostname","duration":1164.703952,"failureMessages":[],"meta":{}},{"ancestorTitles":["Server Initialization - Domain and Hostname Detection","Scenario Path Construction"],"fullName":"Server Initialization - Domain and Hostname Detection Scenario Path Construction should save scenario file with correct domain/hostname metadata","status":"passed","title":"should save scenario file with correct domain/hostname metadata","duration":1172.170072,"failureMessages":[],"meta":{}},{"ancestorTitles":["Server Initialization - Domain and Hostname Detection","Regression Tests - Bug Verification"],"fullName":"Server Initialization - Domain and Hostname Detection Regression Tests - Bug Verification should NOT save scenarios to old flat path (local.once/ONCE/)","status":"passed","title":"should NOT save scenarios to old flat path (local.once/ONCE/)","duration":1110.1490979999999,"failureMessages":[],"meta":{}},{"ancestorTitles":["Server Initialization - Domain and Hostname Detection","Regression Tests - Bug Verification"],"fullName":"Server Initialization - Domain and Hostname Detection Regression Tests - Bug Verification should NOT use localhost fallback when system has FQDN","status":"passed","title":"should NOT use localhost fallback when system has FQDN","duration":1.1259199999994962,"failureMessages":[],"meta":{}}],"startTime":1763751134914,"endTime":1763751138962.126,"status":"passed","message":"","name":"/Users/Shared/Workspaces/2cuGitHub/UpDown/components/ONCE/0.3.21.3/test/server-initialization.test.ts"}]}