{"numTotalTestSuites":2,"numPassedTestSuites":2,"numFailedTestSuites":0,"numPendingTestSuites":0,"numTotalTests":8,"numPassedTests":8,"numFailedTests":0,"numPendingTests":0,"numTodoTests":0,"snapshot":{"added":0,"failure":false,"filesAdded":0,"filesRemoved":0,"filesRemovedList":[],"filesUnmatched":0,"filesUpdated":0,"matched":0,"total":0,"unchecked":0,"uncheckedKeysByFile":[],"unmatched":0,"updated":0,"didUpdate":false},"startTime":1762962080093,"success":true,"testResults":[{"assertionResults":[{"ancestorTitles":["End-to-End Browser UI Interaction"],"fullName":"End-to-End Browser UI Interaction should navigate to demo hub and see all servers","status":"passed","title":"should navigate to demo hub and see all servers","duration":639.7112899999993,"failureMessages":[],"meta":{}},{"ancestorTitles":["End-to-End Browser UI Interaction"],"fullName":"End-to-End Browser UI Interaction should open client pages and verify connection status","status":"passed","title":"should open client pages and verify connection status","duration":3224.5891659999998,"failureMessages":[],"meta":{}},{"ancestorTitles":["End-to-End Browser UI Interaction"],"fullName":"End-to-End Browser UI Interaction should send broadcast message and verify receipt on other client","status":"passed","title":"should send broadcast message and verify receipt on other client","duration":5295.982978000002,"failureMessages":[],"meta":{}},{"ancestorTitles":["End-to-End Browser UI Interaction"],"fullName":"End-to-End Browser UI Interaction should clear message log when button clicked","status":"passed","title":"should clear message log when button clicked","duration":3353.021596999999,"failureMessages":[],"meta":{}},{"ancestorTitles":["End-to-End Browser UI Interaction"],"fullName":"End-to-End Browser UI Interaction should show server list on demo hub page","status":"passed","title":"should show server list on demo hub page","duration":2567.943002,"failureMessages":[],"meta":{}},{"ancestorTitles":["End-to-End Browser UI Interaction"],"fullName":"End-to-End Browser UI Interaction should open server status page and verify routes","status":"passed","title":"should open server status page and verify routes","duration":571.4965800000027,"failureMessages":[],"meta":{}},{"ancestorTitles":["End-to-End Browser UI Interaction"],"fullName":"End-to-End Browser UI Interaction should navigate between pages using route links","status":"passed","title":"should navigate between pages using route links","duration":2912.133071,"failureMessages":[],"meta":{}},{"ancestorTitles":["End-to-End Browser UI Interaction"],"fullName":"End-to-End Browser UI Interaction should display connected servers count in browser client","status":"passed","title":"should display connected servers count in browser client","duration":2572.4979889999995,"failureMessages":[],"meta":{}}],"startTime":1762962088829,"endTime":1762962109967.498,"status":"passed","message":"","name":"/Users/Shared/Workspaces/2cuGitHub/UpDown/components/ONCE/0.3.20.4/test/e2e-browser-ui.test.ts"}]}