{"numTotalTestSuites":22,"numPassedTestSuites":20,"numFailedTestSuites":2,"numPendingTestSuites":0,"numTotalTests":39,"numPassedTests":0,"numFailedTests":1,"numPendingTests":0,"numTodoTests":0,"snapshot":{"added":0,"failure":false,"filesAdded":0,"filesRemoved":0,"filesRemovedList":[],"filesUnmatched":0,"filesUpdated":0,"matched":0,"total":0,"unchecked":0,"uncheckedKeysByFile":[],"unmatched":0,"updated":0,"didUpdate":false},"startTime":1763380262067,"success":false,"testResults":[{"assertionResults":[{"ancestorTitles":["Broadcast to All Servers (Including Primary)"],"fullName":"Broadcast to All Servers (Including Primary) should deliver broadcast from client to primary server browser clients","status":"pending","title":"should deliver broadcast from client to primary server browser clients","failureMessages":[],"meta":{}},{"ancestorTitles":["Broadcast to All Servers (Including Primary)"],"fullName":"Broadcast to All Servers (Including Primary) should deliver broadcast from primary browser to all client servers","status":"pending","title":"should deliver broadcast from primary browser to all client servers","failureMessages":[],"meta":{}},{"ancestorTitles":["Broadcast to All Servers (Including Primary)"],"fullName":"Broadcast to All Servers (Including Primary) should handle bidirectional broadcasts (client→primary→all and primary→all)","status":"pending","title":"should handle bidirectional broadcasts (client→primary→all and primary→all)","failureMessages":[],"meta":{}}],"startTime":1763380262067,"endTime":1763380262067,"status":"passed","message":"","name":"/Users/Shared/Workspaces/2cuGitHub/UpDown/components/ONCE/0.3.20.4/test/broadcast-all-servers.test.ts"},{"assertionResults":[{"ancestorTitles":["Browser Broadcast Flow"],"fullName":"Browser Broadcast Flow should propagate browser broadcast from client 8080 to client 8081","status":"pending","title":"should propagate browser broadcast from client 8080 to client 8081","failureMessages":[],"meta":{}}],"startTime":1763380262067,"endTime":1763380262067,"status":"passed","message":"","name":"/Users/Shared/Workspaces/2cuGitHub/UpDown/components/ONCE/0.3.20.4/test/browser-broadcast.test.ts"},{"assertionResults":[{"ancestorTitles":["End-to-End Browser UI Interaction"],"fullName":"End-to-End Browser UI Interaction should navigate to demo hub and see all servers","status":"pending","title":"should navigate to demo hub and see all servers","failureMessages":[],"meta":{}},{"ancestorTitles":["End-to-End Browser UI Interaction"],"fullName":"End-to-End Browser UI Interaction should open client pages and verify connection status","status":"pending","title":"should open client pages and verify connection status","failureMessages":[],"meta":{}},{"ancestorTitles":["End-to-End Browser UI Interaction"],"fullName":"End-to-End Browser UI Interaction should send broadcast message and verify receipt on other client","status":"pending","title":"should send broadcast message and verify receipt on other client","failureMessages":[],"meta":{}},{"ancestorTitles":["End-to-End Browser UI Interaction"],"fullName":"End-to-End Browser UI Interaction should clear message log when button clicked","status":"pending","title":"should clear message log when button clicked","failureMessages":[],"meta":{}},{"ancestorTitles":["End-to-End Browser UI Interaction"],"fullName":"End-to-End Browser UI Interaction should show server list on demo hub page","status":"pending","title":"should show server list on demo hub page","failureMessages":[],"meta":{}},{"ancestorTitles":["End-to-End Browser UI Interaction"],"fullName":"End-to-End Browser UI Interaction should open server status page and verify routes","status":"pending","title":"should open server status page and verify routes","failureMessages":[],"meta":{}},{"ancestorTitles":["End-to-End Browser UI Interaction"],"fullName":"End-to-End Browser UI Interaction should navigate between pages using route links","status":"pending","title":"should navigate between pages using route links","failureMessages":[],"meta":{}},{"ancestorTitles":["End-to-End Browser UI Interaction"],"fullName":"End-to-End Browser UI Interaction should display connected servers count in browser client","status":"pending","title":"should display connected servers count in browser client","failureMessages":[],"meta":{}}],"startTime":1763380262067,"endTime":1763380262067,"status":"passed","message":"","name":"/Users/Shared/Workspaces/2cuGitHub/UpDown/components/ONCE/0.3.20.4/test/e2e-browser-ui.test.ts"},{"assertionResults":[{"ancestorTitles":["Server Lifecycle Management","Housekeeping at Startup"],"fullName":"Server Lifecycle Management Housekeeping at Startup should delete shutdown server scenarios on primary startup","status":"pending","title":"should delete shutdown server scenarios on primary startup","failureMessages":[],"meta":{}},{"ancestorTitles":["Server Lifecycle Management","Housekeeping at Startup"],"fullName":"Server Lifecycle Management Housekeeping at Startup should discover and keep running client server scenarios","status":"pending","title":"should discover and keep running client server scenarios","failureMessages":[],"meta":{}},{"ancestorTitles":["Server Lifecycle Management","Graceful Shutdown"],"fullName":"Server Lifecycle Management Graceful Shutdown should update scenario state to STOPPING then SHUTDOWN","status":"pending","title":"should update scenario state to STOPPING then SHUTDOWN","failureMessages":[],"meta":{}},{"ancestorTitles":["Server Lifecycle Management","Dynamic Server Addition"],"fullName":"Server Lifecycle Management Dynamic Server Addition should register new client server dynamically","status":"pending","title":"should register new client server dynamically","failureMessages":[],"meta":{}},{"ancestorTitles":["Server Lifecycle Management","Dynamic Server Addition"],"fullName":"Server Lifecycle Management Dynamic Server Addition should handle client disconnect and cleanup","status":"pending","title":"should handle client disconnect and cleanup","failureMessages":[],"meta":{}},{"ancestorTitles":["Server Lifecycle Management","Scenario Persistence"],"fullName":"Server Lifecycle Management Scenario Persistence should persist server state across restarts","status":"pending","title":"should persist server state across restarts","failureMessages":[],"meta":{}}],"startTime":1763380262067,"endTime":1763380262067,"status":"passed","message":"","name":"/Users/Shared/Workspaces/2cuGitHub/UpDown/components/ONCE/0.3.20.4/test/lifecycle-management.test.ts"},{"assertionResults":[{"ancestorTitles":["ONCE Multi-Server Message Exchange"],"fullName":"ONCE Multi-Server Message Exchange should spawn primary and 3 client servers","status":"pending","title":"should spawn primary and 3 client servers","failureMessages":[],"meta":{}},{"ancestorTitles":["ONCE Multi-Server Message Exchange"],"fullName":"ONCE Multi-Server Message Exchange should broadcast from primary to all clients","status":"pending","title":"should broadcast from primary to all clients","failureMessages":[],"meta":{}},{"ancestorTitles":["ONCE Multi-Server Message Exchange"],"fullName":"ONCE Multi-Server Message Exchange should relay message client→primary→client","status":"pending","title":"should relay message client→primary→client","failureMessages":[],"meta":{}},{"ancestorTitles":["ONCE Multi-Server Message Exchange"],"fullName":"ONCE Multi-Server Message Exchange should support direct P2P communication","status":"pending","title":"should support direct P2P communication","failureMessages":[],"meta":{}},{"ancestorTitles":["ONCE Multi-Server Message Exchange"],"fullName":"ONCE Multi-Server Message Exchange should generate JSON report with all patterns","status":"pending","title":"should generate JSON report with all patterns","failureMessages":[],"meta":{}},{"ancestorTitles":["ONCE Multi-Server Message Exchange"],"fullName":"ONCE Multi-Server Message Exchange should auto-acknowledge received messages","status":"pending","title":"should auto-acknowledge received messages","failureMessages":[],"meta":{}},{"ancestorTitles":["ONCE Multi-Server Message Exchange"],"fullName":"ONCE Multi-Server Message Exchange should track messages in model (no private state)","status":"pending","title":"should track messages in model (no private state)","failureMessages":[],"meta":{}},{"ancestorTitles":["ONCE Multi-Server Message Exchange"],"fullName":"ONCE Multi-Server Message Exchange should use Web4 scenario message format","status":"pending","title":"should use Web4 scenario message format","failureMessages":[],"meta":{}}],"startTime":1763380262067,"endTime":1763380262067,"status":"passed","message":"","name":"/Users/Shared/Workspaces/2cuGitHub/UpDown/components/ONCE/0.3.20.4/test/message-exchange.test.ts"},{"assertionResults":[{"ancestorTitles":["ONCE Basic Tests"],"fullName":"ONCE Basic Tests should create instance successfully","status":"pending","title":"should create instance successfully","failureMessages":[],"meta":{}},{"ancestorTitles":["ONCE Basic Tests"],"fullName":"ONCE Basic Tests should have empty constructor (Web4 standard)","status":"pending","title":"should have empty constructor (Web4 standard)","failureMessages":[],"meta":{}},{"ancestorTitles":["ONCE CLI Location Resilience"],"fullName":"ONCE CLI Location Resilience should work when called from scripts/ directory","status":"pending","title":"should work when called from scripts/ directory","failureMessages":[],"meta":{}},{"ancestorTitles":["ONCE Delegated Infrastructure Methods"],"fullName":"ONCE Delegated Infrastructure Methods should execute info command (delegation to Web4TSComponent)","status":"pending","title":"should execute info command (delegation to Web4TSComponent)","failureMessages":[],"meta":{}},{"ancestorTitles":["ONCE Delegated Infrastructure Methods"],"fullName":"ONCE Delegated Infrastructure Methods should execute links command (delegation to Web4TSComponent)","status":"pending","title":"should execute links command (delegation to Web4TSComponent)","failureMessages":[],"meta":{}}],"startTime":1763380262067,"endTime":1763380262067,"status":"passed","message":"","name":"/Users/Shared/Workspaces/2cuGitHub/UpDown/components/ONCE/0.3.20.4/test/once.test.ts"},{"assertionResults":[{"ancestorTitles":["Primary Server Housekeeping"],"fullName":"Primary Server Housekeeping should delete scenarios with state=shutdown on startup","status":"failed","title":"should delete scenarios with state=shutdown on startup","duration":2435.252837,"failureMessages":["AssertionError: expected true to be false // Object.is equality\n    at /Users/Shared/Workspaces/2cuGitHub/UpDown/components/ONCE/0.3.20.4/test/primary-housekeeping.test.ts:84:45\n    at file:///Users/Shared/Workspaces/2cuGitHub/UpDown/components/ONCE/0.3.20.4/node_modules/@vitest/runner/dist/chunk-hooks.js:752:20"],"meta":{}},{"ancestorTitles":["Primary Server Housekeeping"],"fullName":"Primary Server Housekeeping should delete stale scenarios for unreachable servers","status":"pending","title":"should delete stale scenarios for unreachable servers","failureMessages":[],"meta":{}},{"ancestorTitles":["Primary Server Housekeeping"],"fullName":"Primary Server Housekeeping should keep scenarios for running and reachable servers","status":"pending","title":"should keep scenarios for running and reachable servers","failureMessages":[],"meta":{}},{"ancestorTitles":["Primary Server Housekeeping"],"fullName":"Primary Server Housekeeping should discover and re-register running client servers","status":"pending","title":"should discover and re-register running client servers","failureMessages":[],"meta":{}},{"ancestorTitles":["Primary Server Housekeeping"],"fullName":"Primary Server Housekeeping should handle mixed scenarios: delete stale, keep running","status":"pending","title":"should handle mixed scenarios: delete stale, keep running","failureMessages":[],"meta":{}},{"ancestorTitles":["Primary Server Housekeeping"],"fullName":"Primary Server Housekeeping should log housekeeping summary with counts","status":"pending","title":"should log housekeeping summary with counts","failureMessages":[],"meta":{}}],"startTime":1763380262569,"endTime":1763380265004.253,"status":"failed","message":"","name":"/Users/Shared/Workspaces/2cuGitHub/UpDown/components/ONCE/0.3.20.4/test/primary-housekeeping.test.ts"},{"assertionResults":[{"ancestorTitles":["HTML Template Rendering"],"fullName":"HTML Template Rendering should render server-status.html with model values (not template placeholders)","status":"pending","title":"should render server-status.html with model values (not template placeholders)","failureMessages":[],"meta":{}},{"ancestorTitles":["HTML Template Rendering"],"fullName":"HTML Template Rendering should render once-client.html without placeholders","status":"pending","title":"should render once-client.html without placeholders","failureMessages":[],"meta":{}}],"startTime":1763380262067,"endTime":1763380262067,"status":"passed","message":"","name":"/Users/Shared/Workspaces/2cuGitHub/UpDown/components/ONCE/0.3.20.4/test/template-rendering.test.ts"}]}