{"numTotalTestSuites":2,"numPassedTestSuites":0,"numFailedTestSuites":2,"numPendingTestSuites":0,"numTotalTests":13,"numPassedTests":9,"numFailedTests":4,"numPendingTests":0,"numTodoTests":0,"snapshot":{"added":0,"failure":false,"filesAdded":0,"filesRemoved":0,"filesRemovedList":[],"filesUnmatched":0,"filesUpdated":0,"matched":0,"total":0,"unchecked":0,"uncheckedKeysByFile":[],"unmatched":0,"updated":0,"didUpdate":false},"startTime":1763487735542,"success":false,"testResults":[{"assertionResults":[{"ancestorTitles":["ONCE Multi-Server Message Exchange"],"fullName":"ONCE Multi-Server Message Exchange should spawn primary and 3 client servers","status":"passed","title":"should spawn primary and 3 client servers","duration":15095.041068,"failureMessages":[],"meta":{}},{"ancestorTitles":["ONCE Multi-Server Message Exchange"],"fullName":"ONCE Multi-Server Message Exchange should broadcast from primary to all clients","status":"passed","title":"should broadcast from primary to all clients","duration":15024.178004,"failureMessages":[],"meta":{}},{"ancestorTitles":["ONCE Multi-Server Message Exchange"],"fullName":"ONCE Multi-Server Message Exchange should relay message client→primary→client","status":"passed","title":"should relay message client→primary→client","duration":15040.90757,"failureMessages":[],"meta":{}},{"ancestorTitles":["ONCE Multi-Server Message Exchange"],"fullName":"ONCE Multi-Server Message Exchange should support direct P2P communication","status":"passed","title":"should support direct P2P communication","duration":15031.052348999998,"failureMessages":[],"meta":{}},{"ancestorTitles":["ONCE Multi-Server Message Exchange"],"fullName":"ONCE Multi-Server Message Exchange should generate JSON report with all patterns","status":"failed","title":"should generate JSON report with all patterns","duration":15057.655899000005,"failureMessages":["AssertionError: expected 8083 to be 8080 // Object.is equality\n    at /Users/Shared/Workspaces/2cuGitHub/UpDown/components/ONCE/0.3.20.5/test/message-exchange.test.ts:124:50\n    at file:///Users/Shared/Workspaces/2cuGitHub/UpDown/node_modules/@vitest/runner/dist/chunk-hooks.js:752:20"],"meta":{}},{"ancestorTitles":["ONCE Multi-Server Message Exchange"],"fullName":"ONCE Multi-Server Message Exchange should auto-acknowledge received messages","status":"passed","title":"should auto-acknowledge received messages","duration":15059.941785999996,"failureMessages":[],"meta":{}},{"ancestorTitles":["ONCE Multi-Server Message Exchange"],"fullName":"ONCE Multi-Server Message Exchange should track messages in model (no private state)","status":"passed","title":"should track messages in model (no private state)","duration":6.114809000006062,"failureMessages":[],"meta":{}},{"ancestorTitles":["ONCE Multi-Server Message Exchange"],"fullName":"ONCE Multi-Server Message Exchange should use Web4 scenario message format","status":"passed","title":"should use Web4 scenario message format","duration":15050.28098499999,"failureMessages":[],"meta":{}},{"ancestorTitles":["ONCE Multi-Server Message Exchange"],"fullName":"ONCE Multi-Server Message Exchange should expose primary server info in client /health endpoint","status":"failed","title":"should expose primary server info in client /health endpoint","duration":3080.265020000006,"failureMessages":["AssertionError: expected 42777 to be 8082 // Object.is equality\n    at /Users/Shared/Workspaces/2cuGitHub/UpDown/components/ONCE/0.3.20.5/test/message-exchange.test.ts:268:43\n    at processTicksAndRejections (node:internal/process/task_queues:105:5)\n    at file:///Users/Shared/Workspaces/2cuGitHub/UpDown/node_modules/@vitest/runner/dist/chunk-hooks.js:752:20"],"meta":{}},{"ancestorTitles":["ONCE Multi-Server Message Exchange"],"fullName":"ONCE Multi-Server Message Exchange should serve /servers endpoint only on primary server","status":"failed","title":"should serve /servers endpoint only on primary server","duration":3049.369617000004,"failureMessages":["AssertionError: expected 404 to be 200 // Object.is equality\n    at /Users/Shared/Workspaces/2cuGitHub/UpDown/components/ONCE/0.3.20.5/test/message-exchange.test.ts:296:36\n    at processTicksAndRejections (node:internal/process/task_queues:105:5)\n    at file:///Users/Shared/Workspaces/2cuGitHub/UpDown/node_modules/@vitest/runner/dist/chunk-hooks.js:752:20"],"meta":{}},{"ancestorTitles":["ONCE Multi-Server Message Exchange"],"fullName":"ONCE Multi-Server Message Exchange should discover primary server dynamically from client /health","status":"passed","title":"should discover primary server dynamically from client /health","duration":3053.8323079999973,"failureMessages":[],"meta":{}},{"ancestorTitles":["ONCE Multi-Server Message Exchange"],"fullName":"ONCE Multi-Server Message Exchange should include host field in relay message from field","status":"passed","title":"should include host field in relay message from field","duration":15054.785629999998,"failureMessages":[],"meta":{}},{"ancestorTitles":["ONCE Multi-Server Message Exchange"],"fullName":"ONCE Multi-Server Message Exchange should allow browser clients to fetch server list via health endpoint","status":"failed","title":"should allow browser clients to fetch server list via health endpoint","duration":4043.044750999994,"failureMessages":["AssertionError: expected 42777 to be 8086 // Object.is equality\n    at /Users/Shared/Workspaces/2cuGitHub/UpDown/components/ONCE/0.3.20.5/test/message-exchange.test.ts:422:43\n    at processTicksAndRejections (node:internal/process/task_queues:105:5)\n    at file:///Users/Shared/Workspaces/2cuGitHub/UpDown/node_modules/@vitest/runner/dist/chunk-hooks.js:752:20"],"meta":{}}],"startTime":1763487736352,"endTime":1763487870004.0447,"status":"failed","message":"","name":"/Users/Shared/Workspaces/2cuGitHub/UpDown/components/ONCE/0.3.20.5/test/message-exchange.test.ts"}]}