{"numTotalTestSuites":2,"numPassedTestSuites":2,"numFailedTestSuites":0,"numPendingTestSuites":0,"numTotalTests":1,"numPassedTests":1,"numFailedTests":0,"numPendingTests":0,"numTodoTests":0,"snapshot":{"added":0,"failure":false,"filesAdded":0,"filesRemoved":0,"filesRemovedList":[],"filesUnmatched":0,"filesUpdated":0,"matched":0,"total":0,"unchecked":0,"uncheckedKeysByFile":[],"unmatched":0,"updated":0,"didUpdate":false},"startTime":1762940523600,"success":true,"testResults":[{"assertionResults":[{"ancestorTitles":["Browser Broadcast Flow"],"fullName":"Browser Broadcast Flow should propagate browser broadcast from client 8080 to client 8081","status":"passed","title":"should propagate browser broadcast from client 8080 to client 8081","duration":4514.250198,"failureMessages":[],"meta":{}}],"startTime":1762940527545,"endTime":1762940532059.2502,"status":"passed","message":"","name":"/Users/Shared/Workspaces/2cuGitHub/UpDown/components/ONCE/0.3.20.3/test/browser-broadcast.test.ts"}]}