{"numTotalTestSuites":2,"numPassedTestSuites":2,"numFailedTestSuites":0,"numPendingTestSuites":0,"numTotalTests":2,"numPassedTests":2,"numFailedTests":0,"numPendingTests":0,"numTodoTests":0,"snapshot":{"added":0,"failure":false,"filesAdded":0,"filesRemoved":0,"filesRemovedList":[],"filesUnmatched":0,"filesUpdated":0,"matched":0,"total":0,"unchecked":0,"uncheckedKeysByFile":[],"unmatched":0,"updated":0,"didUpdate":false},"startTime":1762896023661,"success":true,"testResults":[{"assertionResults":[{"ancestorTitles":["HTML Template Rendering"],"fullName":"HTML Template Rendering should render server-status.html with model values (not template placeholders)","status":"passed","title":"should render server-status.html with model values (not template placeholders)","duration":2065.027473,"failureMessages":[],"meta":{}},{"ancestorTitles":["HTML Template Rendering"],"fullName":"HTML Template Rendering should render once-client.html without placeholders","status":"passed","title":"should render once-client.html without placeholders","duration":2048.302456,"failureMessages":[],"meta":{}}],"startTime":1762896024212,"endTime":1762896028325.3025,"status":"passed","message":"","name":"/Users/Shared/Workspaces/2cuGitHub/UpDown/components/ONCE/0.3.20.3/test/template-rendering.test.ts"}]}