{"numTotalTestSuites":4,"numPassedTestSuites":1,"numFailedTestSuites":3,"numPendingTestSuites":0,"numTotalTests":5,"numPassedTests":3,"numFailedTests":2,"numPendingTests":0,"numTodoTests":0,"snapshot":{"added":0,"failure":false,"filesAdded":0,"filesRemoved":0,"filesRemovedList":[],"filesUnmatched":0,"filesUpdated":0,"matched":0,"total":0,"unchecked":0,"uncheckedKeysByFile":[],"unmatched":0,"updated":0,"didUpdate":false},"startTime":1762875690336,"success":false,"testResults":[{"assertionResults":[{"ancestorTitles":["Unit Basic Tests"],"fullName":"Unit Basic Tests should create instance successfully","status":"passed","title":"should create instance successfully","duration":2.0732039999999756,"failureMessages":[],"meta":{}},{"ancestorTitles":["Unit Basic Tests"],"fullName":"Unit Basic Tests should have empty constructor (Web4 standard)","status":"passed","title":"should have empty constructor (Web4 standard)","duration":0.2847629999999981,"failureMessages":[],"meta":{}},{"ancestorTitles":["Unit CLI Location Resilience"],"fullName":"Unit CLI Location Resilience should work when called from scripts/ directory","status":"failed","title":"should work when called from scripts/ directory","duration":10006.202704000001,"failureMessages":["Error: CLI script failed from scripts/ directory: spawnSync /bin/sh ETIMEDOUT\n    at /Users/Shared/Workspaces/temp/Web4Articles/components/Unit/0.3.19.1/test/unit.test.ts:77:13\n    at file:///Users/Shared/Workspaces/temp/Web4Articles/node_modules/@vitest/runner/dist/chunk-hooks.js:155:11\n    at file:///Users/Shared/Workspaces/temp/Web4Articles/node_modules/@vitest/runner/dist/chunk-hooks.js:752:26\n    at file:///Users/Shared/Workspaces/temp/Web4Articles/node_modules/@vitest/runner/dist/chunk-hooks.js:1897:20\n    at new Promise (<anonymous>)\n    at runWithTimeout (file:///Users/Shared/Workspaces/temp/Web4Articles/node_modules/@vitest/runner/dist/chunk-hooks.js:1863:10)\n    at runTest (file:///Users/Shared/Workspaces/temp/Web4Articles/node_modules/@vitest/runner/dist/chunk-hooks.js:1574:12)\n    at processTicksAndRejections (node:internal/process/task_queues:105:5)\n    at runSuite (file:///Users/Shared/Workspaces/temp/Web4Articles/node_modules/@vitest/runner/dist/chunk-hooks.js:1729:8)\n    at runSuite (file:///Users/Shared/Workspaces/temp/Web4Articles/node_modules/@vitest/runner/dist/chunk-hooks.js:1729:8)"],"meta":{}},{"ancestorTitles":["Unit Delegated Infrastructure Methods"],"fullName":"Unit Delegated Infrastructure Methods should execute info command (delegation to Web4TSComponent)","status":"failed","title":"should execute info command (delegation to Web4TSComponent)","duration":1535.8041560000001,"failureMessages":["Error: info() command failed: expected '\\u001b[36m═══ Unit Information ═══\\u0…' to contain 'Component Model Information'\n    at /Users/Shared/Workspaces/temp/Web4Articles/components/Unit/0.3.19.1/test/unit.test.ts:115:13\n    at file:///Users/Shared/Workspaces/temp/Web4Articles/node_modules/@vitest/runner/dist/chunk-hooks.js:155:11\n    at file:///Users/Shared/Workspaces/temp/Web4Articles/node_modules/@vitest/runner/dist/chunk-hooks.js:752:26\n    at file:///Users/Shared/Workspaces/temp/Web4Articles/node_modules/@vitest/runner/dist/chunk-hooks.js:1897:20\n    at new Promise (<anonymous>)\n    at runWithTimeout (file:///Users/Shared/Workspaces/temp/Web4Articles/node_modules/@vitest/runner/dist/chunk-hooks.js:1863:10)\n    at runTest (file:///Users/Shared/Workspaces/temp/Web4Articles/node_modules/@vitest/runner/dist/chunk-hooks.js:1574:12)\n    at processTicksAndRejections (node:internal/process/task_queues:105:5)\n    at runSuite (file:///Users/Shared/Workspaces/temp/Web4Articles/node_modules/@vitest/runner/dist/chunk-hooks.js:1729:8)\n    at runSuite (file:///Users/Shared/Workspaces/temp/Web4Articles/node_modules/@vitest/runner/dist/chunk-hooks.js:1729:8)"],"meta":{}},{"ancestorTitles":["Unit Delegated Infrastructure Methods"],"fullName":"Unit Delegated Infrastructure Methods should execute links command (delegation to Web4TSComponent)","status":"passed","title":"should execute links command (delegation to Web4TSComponent)","duration":1770.6355620000013,"failureMessages":[],"meta":{}}],"startTime":1762875690841,"endTime":1762875704159.6355,"status":"failed","message":"","name":"/Users/Shared/Workspaces/temp/Web4Articles/components/Unit/0.3.19.1/test/unit.test.ts"}]}