{"numTotalTestSuites":13,"numPassedTestSuites":6,"numFailedTestSuites":7,"numPendingTestSuites":0,"numTotalTests":25,"numPassedTests":22,"numFailedTests":3,"numPendingTests":0,"numTodoTests":0,"snapshot":{"added":0,"failure":false,"filesAdded":0,"filesRemoved":0,"filesRemovedList":[],"filesUnmatched":0,"filesUpdated":0,"matched":0,"total":0,"unchecked":0,"uncheckedKeysByFile":[],"unmatched":0,"updated":0,"didUpdate":false},"startTime":1764249517053,"success":false,"testResults":[{"assertionResults":[],"startTime":1764249517053,"endTime":1764249517053,"status":"failed","message":"Cannot find package 'jsdom' imported from '/Users/Shared/Workspaces/2cuGitHub/UpDown/components/ONCE/0.3.21.6/test/browser-kernel.blackbox.test.ts'","name":"/Users/Shared/Workspaces/2cuGitHub/UpDown/components/ONCE/0.3.21.6/test/browser-kernel.blackbox.test.ts"},{"assertionResults":[{"ancestorTitles":["Server Lifecycle Management (Black-Box)"],"fullName":"Server Lifecycle Management (Black-Box) should delete shutdown server scenarios on primary startup","status":"passed","title":"should delete shutdown server scenarios on primary startup","duration":4152.040811999999,"failureMessages":[],"meta":{}},{"ancestorTitles":["Server Lifecycle Management (Black-Box)"],"fullName":"Server Lifecycle Management (Black-Box) should discover and keep running client server scenarios","status":"passed","title":"should discover and keep running client server scenarios","duration":6626.095339999999,"failureMessages":[],"meta":{}},{"ancestorTitles":["Server Lifecycle Management (Black-Box)"],"fullName":"Server Lifecycle Management (Black-Box) should update scenario state to STOPPING then SHUTDOWN","status":"passed","title":"should update scenario state to STOPPING then SHUTDOWN","duration":3055.313367999999,"failureMessages":[],"meta":{}},{"ancestorTitles":["Server Lifecycle Management (Black-Box)"],"fullName":"Server Lifecycle Management (Black-Box) should register new client server dynamically","status":"passed","title":"should register new client server dynamically","duration":3222.7003289999993,"failureMessages":[],"meta":{}},{"ancestorTitles":["Server Lifecycle Management (Black-Box)"],"fullName":"Server Lifecycle Management (Black-Box) should handle client disconnect and cleanup","status":"failed","title":"should handle client disconnect and cleanup","duration":5245.8758629999975,"failureMessages":["AssertionError: expected true to be false // Object.is equality\n    at /Users/Shared/Workspaces/2cuGitHub/UpDown/components/ONCE/0.3.21.6/test/lifecycle-management.test.ts:562:31\n    at processTicksAndRejections (node:internal/process/task_queues:105:5)\n    at file:///Users/Shared/Workspaces/2cuGitHub/UpDown/node_modules/@vitest/runner/dist/chunk-hooks.js:752:20"],"meta":{}},{"ancestorTitles":["Server Lifecycle Management (Black-Box)"],"fullName":"Server Lifecycle Management (Black-Box) should persist server state across restarts","status":"passed","title":"should persist server state across restarts","duration":4197.526937999999,"failureMessages":[],"meta":{}},{"ancestorTitles":["Server Lifecycle Management (Black-Box)"],"fullName":"Server Lifecycle Management (Black-Box) should restart primary and rediscover running clients after crash","status":"failed","title":"should restart primary and rediscover running clients after crash","duration":16470.315248,"failureMessages":["AssertionError: expected false to be true // Object.is equality\n    at /Users/Shared/Workspaces/2cuGitHub/UpDown/components/ONCE/0.3.21.6/test/lifecycle-management.test.ts:663:32\n    at processTicksAndRejections (node:internal/process/task_queues:105:5)\n    at file:///Users/Shared/Workspaces/2cuGitHub/UpDown/node_modules/@vitest/runner/dist/chunk-hooks.js:752:20"],"meta":{}}],"startTime":1764249520976,"endTime":1764249563949.3152,"status":"failed","message":"","name":"/Users/Shared/Workspaces/2cuGitHub/UpDown/components/ONCE/0.3.21.6/test/lifecycle-management.test.ts"},{"assertionResults":[{"ancestorTitles":["Server Initialization - Domain and Hostname Detection","Constructor - Domain Detection"],"fullName":"Server Initialization - Domain and Hostname Detection Constructor - Domain Detection should always have version set after construction","status":"passed","title":"should always have version set after construction","duration":1.0630109999983688,"failureMessages":[],"meta":{}},{"ancestorTitles":["Server Initialization - Domain and Hostname Detection","Constructor - Domain Detection"],"fullName":"Server Initialization - Domain and Hostname Detection Constructor - Domain Detection should detect actual hostname from os.hostname() not fallback to localhost","status":"passed","title":"should detect actual hostname from os.hostname() not fallback to localhost","duration":1.1450740000000224,"failureMessages":[],"meta":{}},{"ancestorTitles":["Server Initialization - Domain and Hostname Detection","Constructor - Domain Detection"],"fullName":"Server Initialization - Domain and Hostname Detection Constructor - Domain Detection should extract domain correctly from FQDN","status":"passed","title":"should extract domain correctly from FQDN","duration":1.0124599999981,"failureMessages":[],"meta":{}},{"ancestorTitles":["Server Initialization - Domain and Hostname Detection","Constructor - Domain Detection"],"fullName":"Server Initialization - Domain and Hostname Detection Constructor - Domain Detection should extract short hostname from FQDN","status":"passed","title":"should extract short hostname from FQDN","duration":1.5303300000014133,"failureMessages":[],"meta":{}},{"ancestorTitles":["Server Initialization - Domain and Hostname Detection","Constructor - Domain Detection"],"fullName":"Server Initialization - Domain and Hostname Detection Constructor - Domain Detection should detect actual IP address not 127.0.0.1 for networked systems","status":"passed","title":"should detect actual IP address not 127.0.0.1 for networked systems","duration":1.0472769999978482,"failureMessages":[],"meta":{}},{"ancestorTitles":["Server Initialization - Domain and Hostname Detection","Constructor - Domain Detection"],"fullName":"Server Initialization - Domain and Hostname Detection Constructor - Domain Detection should set all required fields in server model","status":"passed","title":"should set all required fields in server model","duration":1.0775940000021365,"failureMessages":[],"meta":{}},{"ancestorTitles":["Server Initialization - Domain and Hostname Detection","Scenario Path Construction"],"fullName":"Server Initialization - Domain and Hostname Detection Scenario Path Construction should construct hierarchical path based on detected domain/hostname","status":"passed","title":"should construct hierarchical path based on detected domain/hostname","duration":1914.7163900000014,"failureMessages":[],"meta":{}},{"ancestorTitles":["Server Initialization - Domain and Hostname Detection","Scenario Path Construction"],"fullName":"Server Initialization - Domain and Hostname Detection Scenario Path Construction should save scenario file with correct domain/hostname metadata","status":"failed","title":"should save scenario file with correct domain/hostname metadata","duration":3175.977404999998,"failureMessages":["AssertionError: expected false to be true // Object.is equality\n    at /Users/Shared/Workspaces/2cuGitHub/UpDown/components/ONCE/0.3.21.6/test/server-initialization.test.ts:266:49\n    at file:///Users/Shared/Workspaces/2cuGitHub/UpDown/node_modules/@vitest/runner/dist/chunk-hooks.js:752:20"],"meta":{}},{"ancestorTitles":["Server Initialization - Domain and Hostname Detection","Regression Tests - Bug Verification"],"fullName":"Server Initialization - Domain and Hostname Detection Regression Tests - Bug Verification should NOT save scenarios to old flat path (local.once/ONCE/)","status":"passed","title":"should NOT save scenarios to old flat path (local.once/ONCE/)","duration":1126.5393939999994,"failureMessages":[],"meta":{}},{"ancestorTitles":["Server Initialization - Domain and Hostname Detection","Regression Tests - Bug Verification"],"fullName":"Server Initialization - Domain and Hostname Detection Regression Tests - Bug Verification should NOT use localhost fallback when system has FQDN","status":"passed","title":"should NOT use localhost fallback when system has FQDN","duration":1.5295329999935348,"failureMessages":[],"meta":{}}],"startTime":1764249567024,"endTime":1764249573250.5295,"status":"failed","message":"","name":"/Users/Shared/Workspaces/2cuGitHub/UpDown/components/ONCE/0.3.21.6/test/server-initialization.test.ts"},{"assertionResults":[{"ancestorTitles":["HTML Template Rendering"],"fullName":"HTML Template Rendering should render server-status.html with model values (not template placeholders)","status":"passed","title":"should render server-status.html with model values (not template placeholders)","duration":3103.0668430000005,"failureMessages":[],"meta":{}},{"ancestorTitles":["HTML Template Rendering"],"fullName":"HTML Template Rendering should render once-client.html without placeholders","status":"passed","title":"should render once-client.html without placeholders","duration":3053.120686000002,"failureMessages":[],"meta":{}}],"startTime":1764249573358,"endTime":1764249579515.1206,"status":"passed","message":"","name":"/Users/Shared/Workspaces/2cuGitHub/UpDown/components/ONCE/0.3.21.6/test/template-rendering.test.ts"},{"assertionResults":[],"startTime":1764249517053,"endTime":1764249517053,"status":"failed","message":"Cannot find package '@playwright/test' imported from '/Users/Shared/Workspaces/2cuGitHub/UpDown/components/ONCE/0.3.21.6/test/e2e/browser-kernel.e2e.test.ts'","name":"/Users/Shared/Workspaces/2cuGitHub/UpDown/components/ONCE/0.3.21.6/test/e2e/browser-kernel.e2e.test.ts"},{"assertionResults":[{"ancestorTitles":["🧪 ONCE Test Isolation Setup"],"fullName":"🧪 ONCE Test Isolation Setup should have Web4TSComponent in test/data","status":"passed","title":"should have Web4TSComponent in test/data","duration":0.3675860000003013,"failureMessages":[],"meta":{}},{"ancestorTitles":["🧪 ONCE Test Isolation Setup"],"fullName":"🧪 ONCE Test Isolation Setup should have ONCE in test/data","status":"passed","title":"should have ONCE in test/data","duration":0.25111699999979464,"failureMessages":[],"meta":{}},{"ancestorTitles":["🧪 ONCE Test Isolation Setup"],"fullName":"🧪 ONCE Test Isolation Setup should have web4tscomponent CLI symlink in scripts/","status":"passed","title":"should have web4tscomponent CLI symlink in scripts/","duration":0.2903580000056536,"failureMessages":[],"meta":{}},{"ancestorTitles":["🧪 ONCE Test Isolation Setup"],"fullName":"🧪 ONCE Test Isolation Setup should have once CLI symlink in scripts/","status":"passed","title":"should have once CLI symlink in scripts/","duration":0.2381150000001071,"failureMessages":[],"meta":{}},{"ancestorTitles":["🧪 ONCE Test Isolation Setup"],"fullName":"🧪 ONCE Test Isolation Setup should have component symlinks (latest, dev, test)","status":"passed","title":"should have component symlinks (latest, dev, test)","duration":0.5745220000026166,"failureMessages":[],"meta":{}},{"ancestorTitles":["🧪 ONCE Test Isolation Setup"],"fullName":"🧪 ONCE Test Isolation Setup should populate test/data when running baseline test","status":"passed","title":"should populate test/data when running baseline test","duration":0.4332169999979669,"failureMessages":[],"meta":{}}],"startTime":1764249580494,"endTime":1764249580496.433,"status":"passed","message":"","name":"/Users/Shared/Workspaces/2cuGitHub/UpDown/components/ONCE/0.3.21.6/test/vitest/once-test-isolation-setup.test.ts"}]}