{"numTotalTestSuites":2,"numPassedTestSuites":2,"numFailedTestSuites":0,"numPendingTestSuites":0,"numTotalTests":7,"numPassedTests":7,"numFailedTests":0,"numPendingTests":0,"numTodoTests":0,"snapshot":{"added":0,"failure":false,"filesAdded":0,"filesRemoved":0,"filesRemovedList":[],"filesUnmatched":0,"filesUpdated":0,"matched":0,"total":0,"unchecked":0,"uncheckedKeysByFile":[],"unmatched":0,"updated":0,"didUpdate":false},"startTime":1764001072604,"success":true,"testResults":[{"assertionResults":[{"ancestorTitles":["Primary Server Housekeeping"],"fullName":"Primary Server Housekeeping should delete scenarios with state=shutdown on startup","status":"passed","title":"should delete scenarios with state=shutdown on startup","duration":5343.400758,"failureMessages":[],"meta":{}},{"ancestorTitles":["Primary Server Housekeeping"],"fullName":"Primary Server Housekeeping should delete stale scenarios for unreachable servers","status":"passed","title":"should delete stale scenarios for unreachable servers","duration":5526.125347000001,"failureMessages":[],"meta":{}},{"ancestorTitles":["Primary Server Housekeeping"],"fullName":"Primary Server Housekeeping should keep scenarios for running and reachable servers","status":"passed","title":"should keep scenarios for running and reachable servers","duration":5267.825841999998,"failureMessages":[],"meta":{}},{"ancestorTitles":["Primary Server Housekeeping"],"fullName":"Primary Server Housekeeping should discover and re-register running client servers","status":"passed","title":"should discover and re-register running client servers","duration":5306.655780999998,"failureMessages":[],"meta":{}},{"ancestorTitles":["Primary Server Housekeeping"],"fullName":"Primary Server Housekeeping should handle mixed scenarios: delete stale, keep running","status":"passed","title":"should handle mixed scenarios: delete stale, keep running","duration":7150.563337,"failureMessages":[],"meta":{}},{"ancestorTitles":["Primary Server Housekeeping"],"fullName":"Primary Server Housekeeping should log housekeeping summary with counts","status":"passed","title":"should log housekeeping summary with counts","duration":4526.632722999999,"failureMessages":[],"meta":{}},{"ancestorTitles":["Primary Server Housekeeping"],"fullName":"Primary Server Housekeeping should clean up broken symlinks and empty directories","status":"passed","title":"should clean up broken symlinks and empty directories","duration":5037.449401000005,"failureMessages":[],"meta":{}}],"startTime":1764001073342,"endTime":1764001111501.4495,"status":"passed","message":"","name":"/Users/Shared/Workspaces/2cuGitHub/UpDown/components/ONCE/0.3.21.6/test/primary-housekeeping.test.ts"}]}